<?xml version="1.0" encoding="UTF-8"?>
<testng-results ignored="0" total="1" passed="1" failed="0" skipped="0">
  <reporter-output>
  </reporter-output>
  <suite started-at="2022-03-23T19:33:10 EDT" name="Suite" finished-at="2022-03-23T19:33:13 EDT" duration-ms="3097">
    <groups>
    </groups>
    <test started-at="2022-03-23T19:33:10 EDT" name="Test" finished-at="2022-03-23T19:33:13 EDT" duration-ms="3097">
      <class name="createUserAccount.CreateUser">
        <test-method signature="UserAccount()[pri:0, instance:createUserAccount.CreateUser@72a7c7e0]" started-at="2022-03-23T19:33:10 EDT" name="UserAccount" finished-at="2022-03-23T19:33:13 EDT" duration-ms="3051" status="PASS">
          <reporter-output>
          </reporter-output>
        </test-method> <!-- UserAccount -->
      </class> <!-- createUserAccount.CreateUser -->
    </test> <!-- Test -->
  </suite> <!-- Suite -->
</testng-results>
