<?xml version="1.0" encoding="UTF-8"?>
<testng-results ignored="0" total="1" passed="1" failed="0" skipped="0">
  <reporter-output>
  </reporter-output>
  <suite started-at="2022-03-23T19:26:08 EDT" name="Default suite" finished-at="2022-03-23T19:26:13 EDT" duration-ms="5346">
    <groups>
    </groups>
    <test started-at="2022-03-23T19:26:08 EDT" name="Default test" finished-at="2022-03-23T19:26:13 EDT" duration-ms="5346">
      <class name="createUserAccount.CreateUser">
        <test-method signature="UserAccount()[pri:0, instance:createUserAccount.CreateUser@38c6f217]" started-at="2022-03-23T19:26:08 EDT" name="UserAccount" finished-at="2022-03-23T19:26:13 EDT" duration-ms="5253" status="PASS">
          <reporter-output>
          </reporter-output>
        </test-method> <!-- UserAccount -->
      </class> <!-- createUserAccount.CreateUser -->
    </test> <!-- Default test -->
  </suite> <!-- Default suite -->
</testng-results>
